<?xml version="1.0" encoding="UTF-8"?>
<testng-results ignored="0" total="2" passed="2" failed="0" skipped="0">
  <reporter-output>
  </reporter-output>
  <suite started-at="2023-11-01T11:56:25 IST" name="Default suite" finished-at="2023-11-01T11:56:40 IST" duration-ms="15056">
    <groups>
    </groups>
    <test started-at="2023-11-01T11:56:25 IST" name="Default test" finished-at="2023-11-01T11:56:40 IST" duration-ms="15056">
      <class name="batch_execution.LogoutClass">
        <test-method signature="Login()[pri:0, instance:batch_execution.LogoutClass@8519cb4]" started-at="2023-11-01T11:56:25 IST" name="Login" finished-at="2023-11-01T11:56:39 IST" duration-ms="13551" status="PASS">
          <reporter-output>
          </reporter-output>
        </test-method> <!-- Login -->
        <test-method signature="logout()[pri:0, instance:batch_execution.LogoutClass@8519cb4]" started-at="2023-11-01T11:56:39 IST" name="logout" finished-at="2023-11-01T11:56:40 IST" duration-ms="1419" status="PASS">
          <reporter-output>
          </reporter-output>
        </test-method> <!-- logout -->
      </class> <!-- batch_execution.LogoutClass -->
    </test> <!-- Default test -->
  </suite> <!-- Default suite -->
</testng-results>
