<?xml version="1.0" encoding="UTF-8"?>
<!-- Generated by org.testng.reporters.JUnitXMLReporter -->
<testsuite ignored="0" hostname="Ashutoshs-MacBook-Pro.local" failures="0" tests="3" name="Test" time="40.159" errors="0" timestamp="2023-11-01T11:41:55 IST">
  <testcase classname="batch_execution.RegisterClass" name="Register" time="14.257"/>
  <testcase classname="batch_execution.LoginClass" name="Login" time="12.408"/>
  <testcase classname="batch_execution.AddToCartClass" name="addToCart" time="13.392"/>
</testsuite> <!-- Test -->
